<?xml version="1.0" encoding="UTF-8"?>
<!-- Generated by org.testng.reporters.JUnitXMLReporter -->
<testsuite ignored="0" hostname="Acer-Master" failures="0" tests="7" name="firstTest" time="16.436" errors="0" timestamp="2025-06-13T19:10:38 IST">
  <testcase classname="day042_TestNG.AB_OrangeHRM" name="openApp" time="11.421"/>
  <testcase classname="day042_TestNG.AB_OrangeHRM" name="testLogo" time="1.079"/>
  <testcase classname="day042_TestNG.AB_OrangeHRM" name="login" time="1.986"/>
  <testcase classname="day042_TestNG.AB_OrangeHRM" name="closeApp" time="1.817"/>
  <testcase classname="day042_TestNG.AA_BareBasics" name="openApp" time="0.003"/>
  <testcase classname="day042_TestNG.AA_BareBasics" name="login" time="0.003"/>
  <testcase classname="day042_TestNG.AA_BareBasics" name="logout" time="0.003"/>
</testsuite> <!-- firstTest -->
