<?xml version="1.0" encoding="UTF-8"?>
<!-- Generated by org.testng.reporters.JUnitXMLReporter -->
<testsuite ignored="0" hostname="Acer-Master" failures="0" tests="4" name="Default test" time="16.929" errors="0" timestamp="2025-06-13T18:53:14 IST">
  <testcase classname="day042_TestNG.AB_OrangeHRM" name="openApp" time="11.918"/>
  <testcase classname="day042_TestNG.AB_OrangeHRM" name="testLogo" time="0.831"/>
  <testcase classname="day042_TestNG.AB_OrangeHRM" name="login" time="2.229"/>
  <testcase classname="day042_TestNG.AB_OrangeHRM" name="closeApp" time="1.832"/>
</testsuite> <!-- Default test -->
