<?xml version="1.0" encoding="UTF-8"?>
<!-- Generated by org.testng.reporters.JUnitXMLReporter -->
<testsuite ignored="0" hostname="Acer-Master" failures="0" tests="4" name="Test" time="16.639" errors="0" timestamp="2025-06-13T19:01:35 IST">
  <testcase classname="day042_TestNG.AB_OrangeHRM" name="openApp" time="11.841"/>
  <testcase classname="day042_TestNG.AB_OrangeHRM" name="testLogo" time="1.086"/>
  <testcase classname="day042_TestNG.AB_OrangeHRM" name="login" time="1.729"/>
  <testcase classname="day042_TestNG.AB_OrangeHRM" name="closeApp" time="1.875"/>
</testsuite> <!-- Test -->
