<?xml version="1.0" encoding="UTF-8"?>
<testng-results ignored="0" total="7" passed="7" failed="0" skipped="0">
  <reporter-output>
  </reporter-output>
  <suite started-at="2025-06-13T19:10:21 IST" name="myTestSuite" finished-at="2025-06-13T19:10:38 IST" duration-ms="16436">
    <groups>
    </groups>
    <test started-at="2025-06-13T19:10:21 IST" name="firstTest" finished-at="2025-06-13T19:10:38 IST" duration-ms="16436">
      <class name="day042_TestNG.AA_BareBasics">
        <test-method signature="openApp()[pri:-20, instance:day042_TestNG.AA_BareBasics@34123d65]" started-at="2025-06-13T19:10:38 IST" name="openApp" finished-at="2025-06-13T19:10:38 IST" duration-ms="3" status="PASS">
          <reporter-output>
          </reporter-output>
        </test-method> <!-- openApp -->
        <test-method signature="login()[pri:-15, instance:day042_TestNG.AA_BareBasics@34123d65]" started-at="2025-06-13T19:10:38 IST" name="login" finished-at="2025-06-13T19:10:38 IST" duration-ms="3" status="PASS">
          <reporter-output>
          </reporter-output>
        </test-method> <!-- login -->
        <test-method signature="logout()[pri:-10, instance:day042_TestNG.AA_BareBasics@34123d65]" started-at="2025-06-13T19:10:38 IST" name="logout" finished-at="2025-06-13T19:10:38 IST" duration-ms="3" status="PASS">
          <reporter-output>
          </reporter-output>
        </test-method> <!-- logout -->
      </class> <!-- day042_TestNG.AA_BareBasics -->
      <class name="day042_TestNG.AB_OrangeHRM">
        <test-method signature="openApp()[pri:1, instance:day042_TestNG.AB_OrangeHRM@4218d6a3]" started-at="2025-06-13T19:10:22 IST" name="openApp" finished-at="2025-06-13T19:10:33 IST" duration-ms="11421" status="PASS">
          <reporter-output>
          </reporter-output>
        </test-method> <!-- openApp -->
        <test-method signature="testLogo()[pri:2, instance:day042_TestNG.AB_OrangeHRM@4218d6a3]" started-at="2025-06-13T19:10:33 IST" name="testLogo" finished-at="2025-06-13T19:10:34 IST" duration-ms="1079" status="PASS">
          <reporter-output>
          </reporter-output>
        </test-method> <!-- testLogo -->
        <test-method signature="login()[pri:3, instance:day042_TestNG.AB_OrangeHRM@4218d6a3]" started-at="2025-06-13T19:10:34 IST" name="login" finished-at="2025-06-13T19:10:36 IST" duration-ms="1986" status="PASS">
          <reporter-output>
          </reporter-output>
        </test-method> <!-- login -->
        <test-method signature="closeApp()[pri:4, instance:day042_TestNG.AB_OrangeHRM@4218d6a3]" started-at="2025-06-13T19:10:36 IST" name="closeApp" finished-at="2025-06-13T19:10:38 IST" duration-ms="1817" status="PASS">
          <reporter-output>
          </reporter-output>
        </test-method> <!-- closeApp -->
      </class> <!-- day042_TestNG.AB_OrangeHRM -->
    </test> <!-- firstTest -->
  </suite> <!-- myTestSuite -->
</testng-results>
